<?xml version="1.0" encoding="UTF-8"?>
<!-- Generated by org.testng.reporters.JUnitReportReporter -->
<testsuite hostname="mindc1d438" failures="0" tests="1" name="testcase.MySecondTestCase" time="1.438" errors="0" timestamp="2022-05-20T13:31:40 IST" skipped="0">
  <testcase classname="testcase.MySecondTestCase" name="LoginTest" time="1.438"/>
  <system-out/>
</testsuite> <!-- testcase.MySecondTestCase -->
