<?xml version="1.0" encoding="UTF-8"?>
<!-- Generated by org.testng.reporters.JUnitReportReporter -->
<testsuite hostname="mindc1d438" failures="0" tests="1" name="testcase.MyEieghthTestCase" time="0.536" errors="0" timestamp="2022-05-20T13:31:40 IST" skipped="0">
  <testcase classname="testcase.MyEieghthTestCase" name="LoginTest" time="0.536"/>
  <system-out/>
</testsuite> <!-- testcase.MyEieghthTestCase -->
